CONNECTED(00000003)
---
Certificate chain
 0 s:/1.3.6.1.4.1.311.60.2.1.3=US/1.3.6.1.4.1.311.60.2.1.2=Washington/businessCategory=Private Organization/serialNumber=600413485/C=US/postalCode=98052/ST=Washington/L=Redmond/street=1 Microsoft Way/O=Microsoft Corporation/OU=MSCOM/CN=www.microsoft.com
   i:/C=US/O=Symantec Corporation/OU=Symantec Trust Network/CN=Symantec Class 3 EV SSL CA - G3
-----BEGIN CERTIFICATE-----
MIIFlDCCBHygAwIBAgIQPfcMXZkD+NiGi5uMzyDfaTANBgkqhkiG9w0BAQsFADB3
MQswCQYDVQQGEwJVUzEdMBsGA1UEChMUU3ltYW50ZWMgQ29ycG9yYXRpb24xHzAd
BgNVBAsTFlN5bWFudGVjIFRydXN0IE5ldHdvcmsxKDAmBgNVBAMTH1N5bWFudGVj
IENsYXNzIDMgRVYgU1NMIENBIC0gRzMwHhcNMTQxMDE1MDAwMDAwWhcNMTYxMDE1
MjM1OTU5WjCCAQ8xEzARBgsrBgEEAYI3PAIBAxMCVVMxGzAZBgsrBgEEAYI3PAIB
AgwKV2FzaGluZ3RvbjEdMBsGA1UEDxMUUHJpdmF0ZSBPcmdhbml6YXRpb24xEjAQ
BgNVBAUTCTYwMDQxMzQ4NTELMAkGA1UEBhMCVVMxDjAMBgNVBBEMBTk4MDUyMRMw
EQYDVQQIDApXYXNoaW5ndG9uMRAwDgYDVQQHDAdSZWRtb25kMRgwFgYDVQQJDA8x
IE1pY3Jvc29mdCBXYXkxHjAcBgNVBAoMFU1pY3Jvc29mdCBDb3Jwb3JhdGlvbjEO
MAwGA1UECwwFTVNDT00xGjAYBgNVBAMMEXd3dy5taWNyb3NvZnQuY29tMIIBIjAN
BgkqhkiG9w0BAQEFAAOCAQ8AMIIBCgKCAQEApGhh+p1dt2NjO/WmTvbnwsI2f0jS
1GZDoi38/Msk5YoU0PBr3JVkN/Kla6S+9wujYb8SlkoNZlr9hLD3SUyPpKvF/KLg
F8BheK7yza0bXxjpl6FLllwHTo9WSXBgcnawBYOTIkD+bi3QEwJvmuE9fJHMB8Th
6Oh3N9wG7ytXW4nWLv5GhZ+CVaEjaSpwbGgSLU2v4RyyBaez3gblU/e5X5eO+GAa
jfgZvzIEC9+SoN4N8mm0UUKC4XrGmTToRApIq50fXfiaUCzvbf2+eQBFvUXgyU5c
qK3XagE+nJeEQPyKniqaSUCyRggZw+MCqpyfNVrXVMhtPtd92qPaE4ELTQIDAQAB
o4IBgDCCAXwwMQYDVR0RBCowKIIRd3d3Lm1pY3Jvc29mdC5jb22CE3d3d3FhLm1p
Y3Jvc29mdC5jb20wCQYDVR0TBAIwADAOBgNVHQ8BAf8EBAMCBaAwHQYDVR0lBBYw
FAYIKwYBBQUHAwEGCCsGAQUFBwMCMGYGA1UdIARfMF0wWwYLYIZIAYb4RQEHFwYw
TDAjBggrBgEFBQcCARYXaHR0cHM6Ly9kLnN5bWNiLmNvbS9jcHMwJQYIKwYBBQUH
AgIwGRoXaHR0cHM6Ly9kLnN5bWNiLmNvbS9ycGEwHwYDVR0jBBgwFoAUAVmr5906
C1mmZGPWzyAHV9WR52owKwYDVR0fBCQwIjAgoB6gHIYaaHR0cDovL3NyLnN5bWNi
LmNvbS9zci5jcmwwVwYIKwYBBQUHAQEESzBJMB8GCCsGAQUFBzABhhNodHRwOi8v
c3Iuc3ltY2QuY29tMCYGCCsGAQUFBzAChhpodHRwOi8vc3Iuc3ltY2IuY29tL3Ny
LmNydDANBgkqhkiG9w0BAQsFAAOCAQEAFfhQW2J+1/n5ZwcJfpOlHnp+BaPUIKXC
WOx6HP4YQ+wgrPcoqvp6GhvCIqfNv0r5CqJt7rOQnAs/tceAcNrj1kW/z4QKSj/d
mIx7Mwi/5Os/1mxFZB6WyjNS2+KutEiKZKnF+5aTK6cAWc6SvSeLQSmf0hNHG9gW
X5JCha4+zWZscDiF3KZdJNpm06+uOZaFIZlaTDmMffON+oKiA3LxPUpWrbIbWCJU
mRgBVke1+KwTHMXrJFNNFyvGAhioi2W89xx/OIzj4O9pe0IDcgSDu1eURVtZfYDU
jNOh1zy7xgnAWHZ9H/BgpgnX49QxcHmvDNCopJJRqxKRV/mJSgNkhw==
-----END CERTIFICATE-----
 1 s:/C=US/O=Symantec Corporation/OU=Symantec Trust Network/CN=Symantec Class 3 EV SSL CA - G3
   i:/C=US/O=VeriSign, Inc./OU=VeriSign Trust Network/OU=(c) 2006 VeriSign, Inc. - For authorized use only/CN=VeriSign Class 3 Public Primary Certification Authority - G5
-----BEGIN CERTIFICATE-----
MIIFKzCCBBOgAwIBAgIQfuFKb2/v8tN/P61lTTratDANBgkqhkiG9w0BAQsFADCB
yjELMAkGA1UEBhMCVVMxFzAVBgNVBAoTDlZlcmlTaWduLCBJbmMuMR8wHQYDVQQL
ExZWZXJpU2lnbiBUcnVzdCBOZXR3b3JrMTowOAYDVQQLEzEoYykgMjAwNiBWZXJp
U2lnbiwgSW5jLiAtIEZvciBhdXRob3JpemVkIHVzZSBvbmx5MUUwQwYDVQQDEzxW
ZXJpU2lnbiBDbGFzcyAzIFB1YmxpYyBQcmltYXJ5IENlcnRpZmljYXRpb24gQXV0
aG9yaXR5IC0gRzUwHhcNMTMxMDMxMDAwMDAwWhcNMjMxMDMwMjM1OTU5WjB3MQsw
CQYDVQQGEwJVUzEdMBsGA1UEChMUU3ltYW50ZWMgQ29ycG9yYXRpb24xHzAdBgNV
BAsTFlN5bWFudGVjIFRydXN0IE5ldHdvcmsxKDAmBgNVBAMTH1N5bWFudGVjIENs
YXNzIDMgRVYgU1NMIENBIC0gRzMwggEiMA0GCSqGSIb3DQEBAQUAA4IBDwAwggEK
AoIBAQDYoWV0I+grZOIy1zM3PY71NBZI3U9/hxz4RCMTjvsR2ERaGHGOYBYmkpv9
FwvhcXBC/r/6HMCqo6e1cej/GIP23xAKE2LIPZyn3i4/DNkd5y77Ks7Imn+Hv9hM
BBUyydHMlXGgTihPhNk1++OGb5RT5nKKY2cuvmn2926OnGAE6yn6xEdC0niY4+wL
pZLct5q9gGQrOHw4CVtm9i2VeoayNC6FnpAOX7ddpFFyRnATv2fytqdNFB5suVPu
IxpOjUhVQ0GxiXVqQCjFfd3SbtICGS97JJRL6/EaqZvjI5rq+jOrCiy39GAI3Z8c
zd0tAWaAr7MvKR0juIrhoXAHDDQPAgMBAAGjggFdMIIBWTAvBggrBgEFBQcBAQQj
MCEwHwYIKwYBBQUHMAGGE2h0dHA6Ly9zMi5zeW1jYi5jb20wEgYDVR0TAQH/BAgw
BgEB/wIBADBlBgNVHSAEXjBcMFoGBFUdIAAwUjAmBggrBgEFBQcCARYaaHR0cDov
L3d3dy5zeW1hdXRoLmNvbS9jcHMwKAYIKwYBBQUHAgIwHBoaaHR0cDovL3d3dy5z
eW1hdXRoLmNvbS9ycGEwMAYDVR0fBCkwJzAloCOgIYYfaHR0cDovL3MxLnN5bWNi
LmNvbS9wY2EzLWc1LmNybDAOBgNVHQ8BAf8EBAMCAQYwKQYDVR0RBCIwIKQeMBwx
GjAYBgNVBAMTEVN5bWFudGVjUEtJLTEtNTMzMB0GA1UdDgQWBBQBWavn3ToLWaZk
Y9bPIAdX1ZHnajAfBgNVHSMEGDAWgBR/02Wnwt3su/AwCfNDOfoCrzMxMzANBgkq
hkiG9w0BAQsFAAOCAQEAQgFVe9AWGl1Y6LubqE3X89frE5SG1n8hC0e8V5uSXU8F
nzikEHzPg74GQ0aNCLxq1xCm+quvL2GoY/Jl339MiBKIT7Np2f8nwAqXkY9W+4nE
qLuSLRtzsMarNvSWbCAI7woeZiRFT2cAQMgHVHQzO6atuyOfZu2iRHA0+w7qAf3P
eHTfp61Vt19N9tY/4IbOJMdCqRMURDVLtt/JYKwMf9mTIUvunORJApjTYHtcvNUw
LwfORELEC5n+5p/8sHiGUW3RLJ3GlvuFgrsEL/digO9i2n/2DqyQuFa9eT/ygG6j
2bkPXToHHZGThkspTOHcteHgM52zyzaRS/6htO7w+Q==
-----END CERTIFICATE-----
 2 s:/C=US/O=VeriSign, Inc./OU=VeriSign Trust Network/OU=(c) 2006 VeriSign, Inc. - For authorized use only/CN=VeriSign Class 3 Public Primary Certification Authority - G5
   i:/C=US/O=VeriSign, Inc./OU=Class 3 Public Primary Certification Authority
-----BEGIN CERTIFICATE-----
MIIE0DCCBDmgAwIBAgIQJQzo4DBhLp8rifcFTXz4/TANBgkqhkiG9w0BAQUFADBf
MQswCQYDVQQGEwJVUzEXMBUGA1UEChMOVmVyaVNpZ24sIEluYy4xNzA1BgNVBAsT
LkNsYXNzIDMgUHVibGljIFByaW1hcnkgQ2VydGlmaWNhdGlvbiBBdXRob3JpdHkw
HhcNMDYxMTA4MDAwMDAwWhcNMjExMTA3MjM1OTU5WjCByjELMAkGA1UEBhMCVVMx
FzAVBgNVBAoTDlZlcmlTaWduLCBJbmMuMR8wHQYDVQQLExZWZXJpU2lnbiBUcnVz
dCBOZXR3b3JrMTowOAYDVQQLEzEoYykgMjAwNiBWZXJpU2lnbiwgSW5jLiAtIEZv
ciBhdXRob3JpemVkIHVzZSBvbmx5MUUwQwYDVQQDEzxWZXJpU2lnbiBDbGFzcyAz
IFB1YmxpYyBQcmltYXJ5IENlcnRpZmljYXRpb24gQXV0aG9yaXR5IC0gRzUwggEi
MA0GCSqGSIb3DQEBAQUAA4IBDwAwggEKAoIBAQCvJAgIKXo1nmAMqudLO07cfLw8
RRy7K+D+KQL5VwijZIUVJ/XxrcgxiV0i6CqqpkKzj/i5Vbext0uz/o9+B1fs70Pb
ZmIVYc9gDaTY3vjgw2IIPVQT60nKWVSFJuUrjxuf6/WhkcIzSdhDY2pSS9KP6HBR
TdGJaXvHcPaz3BJ023tdS1bTlr8Vd6Gw9KIl8q8ckmcY5fQGBO+QueQA5N06tRn/
Arr0PO7gi+s3i+z016zy9vA9r911kTMZHRxAy3QkGSGT2RT+rCpSx4/VBEnkjWNH
iDxpg8v+R70rfk/Fla4OndTRQ8Bnc+MUCH7lP59zuDMKz10/NIeWiu5T6CUVAgMB
AAGjggGbMIIBlzAPBgNVHRMBAf8EBTADAQH/MDEGA1UdHwQqMCgwJqAkoCKGIGh0
dHA6Ly9jcmwudmVyaXNpZ24uY29tL3BjYTMuY3JsMA4GA1UdDwEB/wQEAwIBBjA9
BgNVHSAENjA0MDIGBFUdIAAwKjAoBggrBgEFBQcCARYcaHR0cHM6Ly93d3cudmVy
aXNpZ24uY29tL2NwczAdBgNVHQ4EFgQUf9Nlp8Ld7LvwMAnzQzn6Aq8zMTMwbQYI
KwYBBQUHAQwEYTBfoV2gWzBZMFcwVRYJaW1hZ2UvZ2lmMCEwHzAHBgUrDgMCGgQU
j+XTGoasjY5rw8+AatRIGCx7GS4wJRYjaHR0cDovL2xvZ28udmVyaXNpZ24uY29t
L3ZzbG9nby5naWYwNAYIKwYBBQUHAQEEKDAmMCQGCCsGAQUFBzABhhhodHRwOi8v
b2NzcC52ZXJpc2lnbi5jb20wPgYDVR0lBDcwNQYIKwYBBQUHAwEGCCsGAQUFBwMC
BggrBgEFBQcDAwYJYIZIAYb4QgQBBgpghkgBhvhFAQgBMA0GCSqGSIb3DQEBBQUA
A4GBABMC3fjohgDyWvj4IAxZiGIHzs73Tvm7WaGY5eE43U68ZhjTresY8g3JbT5K
lCDDPLq9ZVTGr0SzEK0saz6r1we2uIFjxfleLuUqZ87NMwwq14lWAyMfs77oOghZ
tOxFNfeKW/9mz1Cvxm1XjRl4t7mi0VfqH5pLr7rJjhJ+xr3/
-----END CERTIFICATE-----
---
Server certificate
subject=/1.3.6.1.4.1.311.60.2.1.3=US/1.3.6.1.4.1.311.60.2.1.2=Washington/businessCategory=Private Organization/serialNumber=600413485/C=US/postalCode=98052/ST=Washington/L=Redmond/street=1 Microsoft Way/O=Microsoft Corporation/OU=MSCOM/CN=www.microsoft.com
issuer=/C=US/O=Symantec Corporation/OU=Symantec Trust Network/CN=Symantec Class 3 EV SSL CA - G3
---
No client certificate CA names sent
---
SSL handshake has read 4564 bytes and written 488 bytes
---
New, TLSv1/SSLv3, Cipher is ECDHE-RSA-AES256-SHA384
Server public key is 2048 bit
Secure Renegotiation IS supported
Compression: NONE
Expansion: NONE
SSL-Session:
    Protocol  : TLSv1.2
    Cipher    : ECDHE-RSA-AES256-SHA384
    Session-ID: CA3D67933961B0043F579083FD7EB352BA4B17408A12264A896197C0B68D8C07
    Session-ID-ctx: 
    Master-Key: B5B020A6DA0026A99A5E151907D56ACC817FA82A78237822B83FD34D4B2BF59B82D09D91918C71FCF348BD9D2EE2FC47
    Key-Arg   : None
    PSK identity: None
    PSK identity hint: None
    SRP username: None
    Start Time: 1419117600
    Timeout   : 300 (sec)
    Verify return code: 20 (unable to get local issuer certificate)
---
